<?xml version="1.0" encoding="UTF-8"?>
<!-- Generated by org.testng.reporters.JUnitXMLReporter -->
<testsuite ignored="0" hostname="Aswini" failures="1" tests="8" name="Chrome Test" time="144.116" errors="0" timestamp="2024-09-23T14:59:38 IST">
  <testcase classname="amarontests.AmaronTestRun" name="amaronTest1" time="0.028"/>
  <testcase classname="amarontests.AmaronTestRun" name="amaronTest2" time="0.059"/>
  <testcase classname="amarontests.AmaronTestRun" name="amaronTest3" time="57.159"/>
  <testcase classname="amarontests.AmaronTestRun" name="amaronTest4" time="4.08"/>
  <testcase classname="amarontests.AmaronTestRun" name="amaronTest5" time="11.888"/>
  <testcase classname="amarontests.AmaronTestRun" name="amaronTest6" time="23.552"/>
  <testcase classname="amarontests.AmaronTestRun" name="amaronTest7" time="23.214"/>
  <testcase classname="amarontests.AmaronTestRun" name="amaronTest8" time="11.065">
    <failure type="org.openqa.selenium.ElementNotInteractableException" message="element not interactable
  (Session info: chrome=121.0.6167.140)
Build info: version: &amp;apos;4.24.0&amp;apos;, revision: &amp;apos;748ffc9bc3&amp;apos;
System info: os.name: &amp;apos;Windows 11&amp;apos;, os.arch: &amp;apos;amd64&amp;apos;, os.version: &amp;apos;10.0&amp;apos;, java.version: &amp;apos;21.0.3&amp;apos;
Driver info: org.openqa.selenium.chrome.ChromeDriver
Command: [a3f37fd9f033a6a27e2b76226bea5b72, sendKeysToElement {id=E2D98D1CEE8702333305807DC79BF44C_element_564, value=[Ljava.lang.CharSequence;@26d8908e}]
Capabilities {acceptInsecureCerts: false, browserName: chrome, browserVersion: 121.0.6167.140, chrome: {chromedriverVersion: 121.0.6167.184 (057a8ae7deb..., userDataDir: C:\Users\ASWINI~1\AppData\L...}, fedcm:accounts: true, goog:chromeOptions: {debuggerAddress: localhost:63307}, networkConnectionEnabled: false, pageLoadStrategy: normal, platformName: windows, proxy: Proxy(), se:cdp: ws://localhost:63307/devtoo..., se:cdpVersion: 121.0.6167.140, setWindowRect: true, strictFileInteractability: false, timeouts: {implicit: 0, pageLoad: 300000, script: 30000}, unhandledPromptBehavior: dismiss and notify, webauthn:extension:credBlob: true, webauthn:extension:largeBlob: true, webauthn:extension:minPinLength: true, webauthn:extension:prf: true, webauthn:virtualAuthenticators: true}
Element: [[ChromeDriver: chrome on windows (a3f37fd9f033a6a27e2b76226bea5b72)] -&amp;gt; xpath: //*[@id=&amp;quot;edit-pincode&amp;quot;]]
Session ID: a3f37fd9f033a6a27e2b76226bea5b72">
      <![CDATA[org.openqa.selenium.ElementNotInteractableException: element not interactable
  (Session info: chrome=121.0.6167.140)
Build info: version: '4.24.0', revision: '748ffc9bc3'
System info: os.name: 'Windows 11', os.arch: 'amd64', os.version: '10.0', java.version: '21.0.3'
Driver info: org.openqa.selenium.chrome.ChromeDriver
Command: [a3f37fd9f033a6a27e2b76226bea5b72, sendKeysToElement {id=E2D98D1CEE8702333305807DC79BF44C_element_564, value=[Ljava.lang.CharSequence;@26d8908e}]
Capabilities {acceptInsecureCerts: false, browserName: chrome, browserVersion: 121.0.6167.140, chrome: {chromedriverVersion: 121.0.6167.184 (057a8ae7deb..., userDataDir: C:\Users\ASWINI~1\AppData\L...}, fedcm:accounts: true, goog:chromeOptions: {debuggerAddress: localhost:63307}, networkConnectionEnabled: false, pageLoadStrategy: normal, platformName: windows, proxy: Proxy(), se:cdp: ws://localhost:63307/devtoo..., se:cdpVersion: 121.0.6167.140, setWindowRect: true, strictFileInteractability: false, timeouts: {implicit: 0, pageLoad: 300000, script: 30000}, unhandledPromptBehavior: dismiss and notify, webauthn:extension:credBlob: true, webauthn:extension:largeBlob: true, webauthn:extension:minPinLength: true, webauthn:extension:prf: true, webauthn:virtualAuthenticators: true}
Element: [[ChromeDriver: chrome on windows (a3f37fd9f033a6a27e2b76226bea5b72)] -> xpath: //*[@id="edit-pincode"]]
Session ID: a3f37fd9f033a6a27e2b76226bea5b72
at org.openqa.selenium.remote.ErrorCodec.decode(ErrorCodec.java:167)
at org.openqa.selenium.remote.codec.w3c.W3CHttpResponseCodec.decode(W3CHttpResponseCodec.java:138)
at org.openqa.selenium.remote.codec.w3c.W3CHttpResponseCodec.decode(W3CHttpResponseCodec.java:50)
at org.openqa.selenium.remote.HttpCommandExecutor.execute(HttpCommandExecutor.java:190)
at org.openqa.selenium.remote.service.DriverCommandExecutor.invokeExecute(DriverCommandExecutor.java:216)
at org.openqa.selenium.remote.service.DriverCommandExecutor.execute(DriverCommandExecutor.java:174)
at org.openqa.selenium.remote.RemoteWebDriver.execute(RemoteWebDriver.java:545)
at org.openqa.selenium.remote.RemoteWebElement.execute(RemoteWebElement.java:223)
at org.openqa.selenium.remote.RemoteWebElement.sendKeys(RemoteWebElement.java:110)
at org.openqa.selenium.support.pagefactory.internal.LocatingElementHandler.invoke(LocatingElementHandler.java:51)
at jdk.proxy2/jdk.proxy2.$Proxy17.sendKeys(Unknown Source)
at amaronpagelocate.AmaronLocateActions.searchTwoWheelerBattery(AmaronLocateActions.java:455)
at amarontests.AmaronTestRun.amaronTest8(AmaronTestRun.java:94)
at java.base/java.util.ArrayList.forEach(ArrayList.java:1596)
... Removed 30 stack frames]]>
    </failure>
  </testcase> <!-- amaronTest8 -->
</testsuite> <!-- Chrome Test -->
