<?xml version="1.0" encoding="UTF-8"?>
<!-- Generated by org.testng.reporters.JUnitXMLReporter -->
<testsuite ignored="0" hostname="Aswini" failures="1" tests="8" name="Edge Test" time="14.605" errors="0" timestamp="2024-09-23T14:59:52 IST">
  <testcase classname="amarontests.AmaronTestRun" name="amaronTest1" time="0.021"/>
  <testcase classname="amarontests.AmaronTestRun" name="amaronTest2" time="0.033"/>
  <testcase classname="amarontests.AmaronTestRun" name="amaronTest3" time="1.867">
    <failure type="org.openqa.selenium.NoSuchWindowException" message="no such window: target window already closed
from unknown error: web view not found
  (Session info: MicrosoftEdge=129.0.2792.52)
Build info: version: &amp;apos;4.24.0&amp;apos;, revision: &amp;apos;748ffc9bc3&amp;apos;
System info: os.name: &amp;apos;Windows 11&amp;apos;, os.arch: &amp;apos;amd64&amp;apos;, os.version: &amp;apos;10.0&amp;apos;, java.version: &amp;apos;21.0.3&amp;apos;
Driver info: org.openqa.selenium.edge.EdgeDriver
Command: [4cf90b10c2d27ca0cde7a01ba54de6e6, getElementAttribute {id=f.4F325141BE13B19AECD669B10EAB9070.d.6E8D1D4DD195771F44DC687B869842FF.e.40, name=href}]
Capabilities {acceptInsecureCerts: false, browserName: MicrosoftEdge, browserVersion: 129.0.2792.52, fedcm:accounts: true, ms:edgeOptions: {debuggerAddress: localhost:63641}, msedge: {msedgedriverVersion: 129.0.2792.52 (6462e8fc16ec..., userDataDir: C:\Users\ASWINI~1\AppData\L...}, networkConnectionEnabled: false, pageLoadStrategy: normal, platformName: windows, proxy: Proxy(), se:cdp: ws://localhost:63641/devtoo..., se:cdpVersion: 129.0.2792.52, setWindowRect: true, strictFileInteractability: false, timeouts: {implicit: 0, pageLoad: 300000, script: 30000}, unhandledPromptBehavior: dismiss and notify, webauthn:extension:credBlob: true, webauthn:extension:largeBlob: true, webauthn:extension:minPinLength: true, webauthn:extension:prf: true, webauthn:virtualAuthenticators: true}
Element: [[EdgeDriver: MicrosoftEdge on windows (4cf90b10c2d27ca0cde7a01ba54de6e6)] -&amp;gt; tag name: a]
Session ID: 4cf90b10c2d27ca0cde7a01ba54de6e6">
      <![CDATA[org.openqa.selenium.NoSuchWindowException: no such window: target window already closed
from unknown error: web view not found
  (Session info: MicrosoftEdge=129.0.2792.52)
Build info: version: '4.24.0', revision: '748ffc9bc3'
System info: os.name: 'Windows 11', os.arch: 'amd64', os.version: '10.0', java.version: '21.0.3'
Driver info: org.openqa.selenium.edge.EdgeDriver
Command: [4cf90b10c2d27ca0cde7a01ba54de6e6, getElementAttribute {id=f.4F325141BE13B19AECD669B10EAB9070.d.6E8D1D4DD195771F44DC687B869842FF.e.40, name=href}]
Capabilities {acceptInsecureCerts: false, browserName: MicrosoftEdge, browserVersion: 129.0.2792.52, fedcm:accounts: true, ms:edgeOptions: {debuggerAddress: localhost:63641}, msedge: {msedgedriverVersion: 129.0.2792.52 (6462e8fc16ec..., userDataDir: C:\Users\ASWINI~1\AppData\L...}, networkConnectionEnabled: false, pageLoadStrategy: normal, platformName: windows, proxy: Proxy(), se:cdp: ws://localhost:63641/devtoo..., se:cdpVersion: 129.0.2792.52, setWindowRect: true, strictFileInteractability: false, timeouts: {implicit: 0, pageLoad: 300000, script: 30000}, unhandledPromptBehavior: dismiss and notify, webauthn:extension:credBlob: true, webauthn:extension:largeBlob: true, webauthn:extension:minPinLength: true, webauthn:extension:prf: true, webauthn:virtualAuthenticators: true}
Element: [[EdgeDriver: MicrosoftEdge on windows (4cf90b10c2d27ca0cde7a01ba54de6e6)] -> tag name: a]
Session ID: 4cf90b10c2d27ca0cde7a01ba54de6e6
at org.openqa.selenium.remote.ErrorCodec.decode(ErrorCodec.java:167)
at org.openqa.selenium.remote.codec.w3c.W3CHttpResponseCodec.decode(W3CHttpResponseCodec.java:138)
at org.openqa.selenium.remote.codec.w3c.W3CHttpResponseCodec.decode(W3CHttpResponseCodec.java:50)
at org.openqa.selenium.remote.HttpCommandExecutor.execute(HttpCommandExecutor.java:190)
at org.openqa.selenium.remote.service.DriverCommandExecutor.invokeExecute(DriverCommandExecutor.java:216)
at org.openqa.selenium.remote.service.DriverCommandExecutor.execute(DriverCommandExecutor.java:174)
at org.openqa.selenium.remote.RemoteWebDriver.execute(RemoteWebDriver.java:545)
at org.openqa.selenium.remote.RemoteWebElement.execute(RemoteWebElement.java:223)
at org.openqa.selenium.remote.RemoteWebElement.getAttribute(RemoteWebElement.java:149)
at amaronpagelocate.AmaronLocateActions.linkSearch(AmaronLocateActions.java:265)
at amarontests.AmaronTestRun.amaronTest3(AmaronTestRun.java:57)
at java.base/java.util.ArrayList.forEach(ArrayList.java:1596)
... Removed 28 stack frames]]>
    </failure>
  </testcase> <!-- amaronTest3 -->
  <testcase classname="amarontests.AmaronTestRun" name="amaronTest4" time="0.0">
    <skipped/>
  </testcase> <!-- amaronTest4 -->
  <testcase classname="amarontests.AmaronTestRun" name="amaronTest5" time="0.0">
    <skipped/>
  </testcase> <!-- amaronTest5 -->
  <testcase classname="amarontests.AmaronTestRun" name="amaronTest6" time="0.0">
    <skipped/>
  </testcase> <!-- amaronTest6 -->
  <testcase classname="amarontests.AmaronTestRun" name="amaronTest7" time="0.0">
    <skipped/>
  </testcase> <!-- amaronTest7 -->
  <testcase classname="amarontests.AmaronTestRun" name="amaronTest8" time="0.0">
    <skipped/>
  </testcase> <!-- amaronTest8 -->
</testsuite> <!-- Edge Test -->
