<?xml version="1.0" encoding="UTF-8"?>
<!-- Generated by org.testng.reporters.JUnitXMLReporter -->
<testsuite ignored="0" hostname="Aswini" failures="0" tests="8" name="Test" time="0.593" errors="0" timestamp="2024-09-23T12:53:28 IST">
  <testcase classname="amaronbase.AmaronURLChrome" name="@BeforeTest DriverUrlSetup" time="-1.727076207627E9">
    <failure type="org.testng.TestNGException" message="
Parameter &amp;apos;browser&amp;apos; is required by BeforeTest on method DriverUrlSetup but has not been marked @Optional or defined
in C:\javadocs\AmaronProject\amaronCrosstestng.xml">
      <![CDATA[org.testng.TestNGException: 
Parameter 'browser' is required by BeforeTest on method DriverUrlSetup but has not been marked @Optional or defined
in C:\javadocs\AmaronProject\amaronCrosstestng.xml
... Removed 21 stack frames]]>
    </failure>
  </testcase> <!-- @BeforeTest DriverUrlSetup -->
  <testcase classname="amarontests.AmaronTestRun" name="@BeforeMethod createObject" time="0.0">
    <skipped/>
  </testcase> <!-- @BeforeMethod createObject -->
  <testcase classname="amarontests.AmaronTestRun" name="@AfterMethod browserClose" time="0.0">
    <skipped/>
  </testcase> <!-- @AfterMethod browserClose -->
  <testcase classname="amarontests.AmaronTestRun" name="@BeforeMethod createObject" time="0.0">
    <skipped/>
  </testcase> <!-- @BeforeMethod createObject -->
  <testcase classname="amarontests.AmaronTestRun" name="@AfterMethod browserClose" time="0.0">
    <skipped/>
  </testcase> <!-- @AfterMethod browserClose -->
  <testcase classname="amarontests.AmaronTestRun" name="@BeforeMethod createObject" time="0.0">
    <skipped/>
  </testcase> <!-- @BeforeMethod createObject -->
  <testcase classname="amarontests.AmaronTestRun" name="@AfterMethod browserClose" time="0.0">
    <skipped/>
  </testcase> <!-- @AfterMethod browserClose -->
  <testcase classname="amarontests.AmaronTestRun" name="@BeforeMethod createObject" time="0.0">
    <skipped/>
  </testcase> <!-- @BeforeMethod createObject -->
  <testcase classname="amarontests.AmaronTestRun" name="@AfterMethod browserClose" time="0.0">
    <skipped/>
  </testcase> <!-- @AfterMethod browserClose -->
  <testcase classname="amarontests.AmaronTestRun" name="@BeforeMethod createObject" time="0.0">
    <skipped/>
  </testcase> <!-- @BeforeMethod createObject -->
  <testcase classname="amarontests.AmaronTestRun" name="@AfterMethod browserClose" time="0.0">
    <skipped/>
  </testcase> <!-- @AfterMethod browserClose -->
  <testcase classname="amarontests.AmaronTestRun" name="@BeforeMethod createObject" time="0.0">
    <skipped/>
  </testcase> <!-- @BeforeMethod createObject -->
  <testcase classname="amarontests.AmaronTestRun" name="@AfterMethod browserClose" time="0.0">
    <skipped/>
  </testcase> <!-- @AfterMethod browserClose -->
  <testcase classname="amarontests.AmaronTestRun" name="@BeforeMethod createObject" time="0.0">
    <skipped/>
  </testcase> <!-- @BeforeMethod createObject -->
  <testcase classname="amarontests.AmaronTestRun" name="@AfterMethod browserClose" time="0.0">
    <skipped/>
  </testcase> <!-- @AfterMethod browserClose -->
  <testcase classname="amarontests.AmaronTestRun" name="@BeforeMethod createObject" time="0.0">
    <skipped/>
  </testcase> <!-- @BeforeMethod createObject -->
  <testcase classname="amarontests.AmaronTestRun" name="@AfterMethod browserClose" time="0.0">
    <skipped/>
  </testcase> <!-- @AfterMethod browserClose -->
  <testcase classname="amarontests.AmaronTestRun" name="@AfterTest executeReport" time="0.0">
    <skipped/>
  </testcase> <!-- @AfterTest executeReport -->
  <testcase classname="amarontests.AmaronTestRun" name="amaronTest1" time="0.001">
    <skipped/>
  </testcase> <!-- amaronTest1 -->
  <testcase classname="amarontests.AmaronTestRun" name="amaronTest2" time="0.0">
    <skipped/>
  </testcase> <!-- amaronTest2 -->
  <testcase classname="amarontests.AmaronTestRun" name="amaronTest3" time="0.0">
    <skipped/>
  </testcase> <!-- amaronTest3 -->
  <testcase classname="amarontests.AmaronTestRun" name="amaronTest4" time="0.001">
    <skipped/>
  </testcase> <!-- amaronTest4 -->
  <testcase classname="amarontests.AmaronTestRun" name="amaronTest5" time="0.0">
    <skipped/>
  </testcase> <!-- amaronTest5 -->
  <testcase classname="amarontests.AmaronTestRun" name="amaronTest6" time="0.0">
    <skipped/>
  </testcase> <!-- amaronTest6 -->
  <testcase classname="amarontests.AmaronTestRun" name="amaronTest7" time="0.001">
    <skipped/>
  </testcase> <!-- amaronTest7 -->
  <testcase classname="amarontests.AmaronTestRun" name="amaronTest8" time="0.0">
    <skipped/>
  </testcase> <!-- amaronTest8 -->
</testsuite> <!-- Test -->
