<html>
<head>
<title>TestNG:  Test</title>
<link href="../testng.css" rel="stylesheet" type="text/css" />
<link href="../my-testng.css" rel="stylesheet" type="text/css" />

<style type="text/css">
.log { display: none;} 
.stack-trace { display: none;} 
</style>
<script type="text/javascript">
<!--
function flip(e) {
  current = e.style.display;
  if (current == 'block') {
    e.style.display = 'none';
    return 0;
  }
  else {
    e.style.display = 'block';
    return 1;
  }
}

function toggleBox(szDivId, elem, msg1, msg2)
{
  var res = -1;  if (document.getElementById) {
    res = flip(document.getElementById(szDivId));
  }
  else if (document.all) {
    // this is the way old msie versions work
    res = flip(document.all[szDivId]);
  }
  if(elem) {
    if(res == 0) elem.innerHTML = msg1; else elem.innerHTML = msg2;
  }

}

function toggleAllBoxes() {
  if (document.getElementsByTagName) {
    d = document.getElementsByTagName('div');
    for (i = 0; i < d.length; i++) {
      if (d[i].className == 'log') {
        flip(d[i]);
      }
    }
  }
}

// -->
</script>

</head>
<body>
<h2 align='center'>Test</h2><table border='1' align="center">
<tr>
<td>Tests passed/Failed/Skipped:</td><td>0/0/8</td>
</tr><tr>
<td>Started on:</td><td>Mon Sep 23 12:53:27 IST 2024</td>
</tr>
<tr><td>Total time:</td><td>0 seconds (593 ms)</td>
</tr><tr>
<td>Included groups:</td><td></td>
</tr><tr>
<td>Excluded groups:</td><td></td>
</tr>
</table><p/>
<small><i>(Hover the method name to see the test class name)</i></small><p/>
<table width='100%' border='1' class='invocation-failed'>
<tr><td colspan='4' align='center'><b>FAILED CONFIGURATIONS</b></td></tr>
<tr><td><b>Test method</b></td>
<td><b>Attribute(s)</b></td>
<td width="30%"><b>Exception</b></td>
<td width="10%"><b>Time (seconds)</b></td>
<td><b>Instance</b></td>
</tr>
<tr>
<td title='amarontests.AmaronTestRun.DriverUrlSetup()'><b>DriverUrlSetup</b><br>Test class: amarontests.AmaronTestRun</td>
<td><div><pre>org.testng.TestNGException: 
Parameter &apos;browser&apos; is required by BeforeTest on method DriverUrlSetup but has not been marked @Optional or defined
in C:\javadocs\AmaronProject\amaronCrosstestng.xml
... Removed 21 stack frames</pre></div><a href='#' onClick='toggleBox("stack-trace2038522556", this, "Click to show all stack frames", "Click to hide stack frames")'>Click to show all stack frames</a>
<div class='stack-trace' id='stack-trace2038522556'><pre>org.testng.TestNGException: 
Parameter &apos;browser&apos; is required by BeforeTest on method DriverUrlSetup but has not been marked @Optional or defined
in C:\javadocs\AmaronProject\amaronCrosstestng.xml
	at org.testng.internal.Parameters.createParams(Parameters.java:264)
	at org.testng.internal.Parameters.createParametersForMethod(Parameters.java:352)
	at org.testng.internal.Parameters.createParameters(Parameters.java:690)
	at org.testng.internal.Parameters.createConfigurationParameters(Parameters.java:163)
	at org.testng.internal.invokers.ConfigInvoker.invokeConfigurations(ConfigInvoker.java:313)
	at org.testng.TestRunner.invokeTestConfigurations(TestRunner.java:655)
	at org.testng.TestRunner.beforeRun(TestRunner.java:644)
	at org.testng.TestRunner.run(TestRunner.java:610)
	at org.testng.SuiteRunner.runTest(SuiteRunner.java:421)
	at org.testng.SuiteRunner.runSequentially(SuiteRunner.java:413)
	at org.testng.SuiteRunner.privateRun(SuiteRunner.java:373)
	at org.testng.SuiteRunner.run(SuiteRunner.java:312)
	at org.testng.SuiteRunnerWorker.runSuite(SuiteRunnerWorker.java:52)
	at org.testng.SuiteRunnerWorker.run(SuiteRunnerWorker.java:95)
	at org.testng.TestNG.runSuitesSequentially(TestNG.java:1274)
	at org.testng.TestNG.runSuitesLocally(TestNG.java:1208)
	at org.testng.TestNG.runSuites(TestNG.java:1112)
	at org.testng.TestNG.run(TestNG.java:1079)
	at org.testng.remote.AbstractRemoteTestNG.run(AbstractRemoteTestNG.java:115)
	at org.testng.remote.RemoteTestNG.initAndRun(RemoteTestNG.java:293)
	at org.testng.remote.RemoteTestNG.main(RemoteTestNG.java:91)
</pre></div></td>
<td>-1727076207</td>
<td>amarontests.AmaronTestRun@48bb62</td></tr>
</table><p>
<table width='100%' border='1' class='invocation-skipped'>
<tr><td colspan='4' align='center'><b>SKIPPED CONFIGURATIONS</b></td></tr>
<tr><td><b>Test method</b></td>
<td><b>Attribute(s)</b></td>
<td width="30%"><b>Exception</b></td>
<td width="10%"><b>Time (seconds)</b></td>
<td><b>Instance</b></td>
</tr>
<tr>
<td title='amarontests.AmaronTestRun.createObject()'><b>createObject</b><br>Test class: amarontests.AmaronTestRun</td>
<td></td>
<td>0</td>
<td>amarontests.AmaronTestRun@48bb62</td></tr>
<tr>
<td title='amarontests.AmaronTestRun.createObject()'><b>createObject</b><br>Test class: amarontests.AmaronTestRun</td>
<td></td>
<td>0</td>
<td>amarontests.AmaronTestRun@48bb62</td></tr>
<tr>
<td title='amarontests.AmaronTestRun.createObject()'><b>createObject</b><br>Test class: amarontests.AmaronTestRun</td>
<td></td>
<td>0</td>
<td>amarontests.AmaronTestRun@48bb62</td></tr>
<tr>
<td title='amarontests.AmaronTestRun.browserClose()'><b>browserClose</b><br>Test class: amarontests.AmaronTestRun</td>
<td></td>
<td>0</td>
<td>amarontests.AmaronTestRun@48bb62</td></tr>
<tr>
<td title='amarontests.AmaronTestRun.createObject()'><b>createObject</b><br>Test class: amarontests.AmaronTestRun</td>
<td></td>
<td>0</td>
<td>amarontests.AmaronTestRun@48bb62</td></tr>
<tr>
<td title='amarontests.AmaronTestRun.createObject()'><b>createObject</b><br>Test class: amarontests.AmaronTestRun</td>
<td></td>
<td>0</td>
<td>amarontests.AmaronTestRun@48bb62</td></tr>
<tr>
<td title='amarontests.AmaronTestRun.createObject()'><b>createObject</b><br>Test class: amarontests.AmaronTestRun</td>
<td></td>
<td>0</td>
<td>amarontests.AmaronTestRun@48bb62</td></tr>
<tr>
<td title='amarontests.AmaronTestRun.browserClose()'><b>browserClose</b><br>Test class: amarontests.AmaronTestRun</td>
<td></td>
<td>0</td>
<td>amarontests.AmaronTestRun@48bb62</td></tr>
<tr>
<td title='amarontests.AmaronTestRun.browserClose()'><b>browserClose</b><br>Test class: amarontests.AmaronTestRun</td>
<td></td>
<td>0</td>
<td>amarontests.AmaronTestRun@48bb62</td></tr>
<tr>
<td title='amarontests.AmaronTestRun.createObject()'><b>createObject</b><br>Test class: amarontests.AmaronTestRun</td>
<td></td>
<td>0</td>
<td>amarontests.AmaronTestRun@48bb62</td></tr>
<tr>
<td title='amarontests.AmaronTestRun.browserClose()'><b>browserClose</b><br>Test class: amarontests.AmaronTestRun</td>
<td></td>
<td>0</td>
<td>amarontests.AmaronTestRun@48bb62</td></tr>
<tr>
<td title='amarontests.AmaronTestRun.browserClose()'><b>browserClose</b><br>Test class: amarontests.AmaronTestRun</td>
<td></td>
<td>0</td>
<td>amarontests.AmaronTestRun@48bb62</td></tr>
<tr>
<td title='amarontests.AmaronTestRun.browserClose()'><b>browserClose</b><br>Test class: amarontests.AmaronTestRun</td>
<td></td>
<td>0</td>
<td>amarontests.AmaronTestRun@48bb62</td></tr>
<tr>
<td title='amarontests.AmaronTestRun.executeReport()'><b>executeReport</b><br>Test class: amarontests.AmaronTestRun</td>
<td></td>
<td>0</td>
<td>amarontests.AmaronTestRun@48bb62</td></tr>
<tr>
<td title='amarontests.AmaronTestRun.browserClose()'><b>browserClose</b><br>Test class: amarontests.AmaronTestRun</td>
<td></td>
<td>0</td>
<td>amarontests.AmaronTestRun@48bb62</td></tr>
<tr>
<td title='amarontests.AmaronTestRun.browserClose()'><b>browserClose</b><br>Test class: amarontests.AmaronTestRun</td>
<td></td>
<td>0</td>
<td>amarontests.AmaronTestRun@48bb62</td></tr>
<tr>
<td title='amarontests.AmaronTestRun.createObject()'><b>createObject</b><br>Test class: amarontests.AmaronTestRun</td>
<td></td>
<td>0</td>
<td>amarontests.AmaronTestRun@48bb62</td></tr>
</table><p>
<table width='100%' border='1' class='invocation-skipped'>
<tr><td colspan='4' align='center'><b>SKIPPED TESTS</b></td></tr>
<tr><td><b>Test method</b></td>
<td><b>Attribute(s)</b></td>
<td width="30%"><b>Exception</b></td>
<td width="10%"><b>Time (seconds)</b></td>
<td><b>Instance</b></td>
</tr>
<tr>
<td title='amarontests.AmaronTestRun.amaronTest4()'><b>amaronTest4</b><br>Test class: amarontests.AmaronTestRun</td>
<td><div><pre>org.testng.TestNGException: 
Parameter &apos;browser&apos; is required by BeforeTest on method DriverUrlSetup but has not been marked @Optional or defined
in C:\javadocs\AmaronProject\amaronCrosstestng.xml
... Removed 21 stack frames</pre></div><a href='#' onClick='toggleBox("stack-trace79438382", this, "Click to show all stack frames", "Click to hide stack frames")'>Click to show all stack frames</a>
<div class='stack-trace' id='stack-trace79438382'><pre>org.testng.TestNGException: 
Parameter &apos;browser&apos; is required by BeforeTest on method DriverUrlSetup but has not been marked @Optional or defined
in C:\javadocs\AmaronProject\amaronCrosstestng.xml
	at org.testng.internal.Parameters.createParams(Parameters.java:264)
	at org.testng.internal.Parameters.createParametersForMethod(Parameters.java:352)
	at org.testng.internal.Parameters.createParameters(Parameters.java:690)
	at org.testng.internal.Parameters.createConfigurationParameters(Parameters.java:163)
	at org.testng.internal.invokers.ConfigInvoker.invokeConfigurations(ConfigInvoker.java:313)
	at org.testng.TestRunner.invokeTestConfigurations(TestRunner.java:655)
	at org.testng.TestRunner.beforeRun(TestRunner.java:644)
	at org.testng.TestRunner.run(TestRunner.java:610)
	at org.testng.SuiteRunner.runTest(SuiteRunner.java:421)
	at org.testng.SuiteRunner.runSequentially(SuiteRunner.java:413)
	at org.testng.SuiteRunner.privateRun(SuiteRunner.java:373)
	at org.testng.SuiteRunner.run(SuiteRunner.java:312)
	at org.testng.SuiteRunnerWorker.runSuite(SuiteRunnerWorker.java:52)
	at org.testng.SuiteRunnerWorker.run(SuiteRunnerWorker.java:95)
	at org.testng.TestNG.runSuitesSequentially(TestNG.java:1274)
	at org.testng.TestNG.runSuitesLocally(TestNG.java:1208)
	at org.testng.TestNG.runSuites(TestNG.java:1112)
	at org.testng.TestNG.run(TestNG.java:1079)
	at org.testng.remote.AbstractRemoteTestNG.run(AbstractRemoteTestNG.java:115)
	at org.testng.remote.RemoteTestNG.initAndRun(RemoteTestNG.java:293)
	at org.testng.remote.RemoteTestNG.main(RemoteTestNG.java:91)
</pre></div></td>
<td>0</td>
<td>amarontests.AmaronTestRun@48bb62</td></tr>
<tr>
<td title='amarontests.AmaronTestRun.amaronTest5()'><b>amaronTest5</b><br>Test class: amarontests.AmaronTestRun</td>
<td><div><pre>org.testng.TestNGException: 
Parameter &apos;browser&apos; is required by BeforeTest on method DriverUrlSetup but has not been marked @Optional or defined
in C:\javadocs\AmaronProject\amaronCrosstestng.xml
... Removed 21 stack frames</pre></div><a href='#' onClick='toggleBox("stack-trace996125997", this, "Click to show all stack frames", "Click to hide stack frames")'>Click to show all stack frames</a>
<div class='stack-trace' id='stack-trace996125997'><pre>org.testng.TestNGException: 
Parameter &apos;browser&apos; is required by BeforeTest on method DriverUrlSetup but has not been marked @Optional or defined
in C:\javadocs\AmaronProject\amaronCrosstestng.xml
	at org.testng.internal.Parameters.createParams(Parameters.java:264)
	at org.testng.internal.Parameters.createParametersForMethod(Parameters.java:352)
	at org.testng.internal.Parameters.createParameters(Parameters.java:690)
	at org.testng.internal.Parameters.createConfigurationParameters(Parameters.java:163)
	at org.testng.internal.invokers.ConfigInvoker.invokeConfigurations(ConfigInvoker.java:313)
	at org.testng.TestRunner.invokeTestConfigurations(TestRunner.java:655)
	at org.testng.TestRunner.beforeRun(TestRunner.java:644)
	at org.testng.TestRunner.run(TestRunner.java:610)
	at org.testng.SuiteRunner.runTest(SuiteRunner.java:421)
	at org.testng.SuiteRunner.runSequentially(SuiteRunner.java:413)
	at org.testng.SuiteRunner.privateRun(SuiteRunner.java:373)
	at org.testng.SuiteRunner.run(SuiteRunner.java:312)
	at org.testng.SuiteRunnerWorker.runSuite(SuiteRunnerWorker.java:52)
	at org.testng.SuiteRunnerWorker.run(SuiteRunnerWorker.java:95)
	at org.testng.TestNG.runSuitesSequentially(TestNG.java:1274)
	at org.testng.TestNG.runSuitesLocally(TestNG.java:1208)
	at org.testng.TestNG.runSuites(TestNG.java:1112)
	at org.testng.TestNG.run(TestNG.java:1079)
	at org.testng.remote.AbstractRemoteTestNG.run(AbstractRemoteTestNG.java:115)
	at org.testng.remote.RemoteTestNG.initAndRun(RemoteTestNG.java:293)
	at org.testng.remote.RemoteTestNG.main(RemoteTestNG.java:91)
</pre></div></td>
<td>0</td>
<td>amarontests.AmaronTestRun@48bb62</td></tr>
<tr>
<td title='amarontests.AmaronTestRun.amaronTest1()'><b>amaronTest1</b><br>Test class: amarontests.AmaronTestRun</td>
<td><div><pre>org.testng.TestNGException: 
Parameter &apos;browser&apos; is required by BeforeTest on method DriverUrlSetup but has not been marked @Optional or defined
in C:\javadocs\AmaronProject\amaronCrosstestng.xml
... Removed 21 stack frames</pre></div><a href='#' onClick='toggleBox("stack-trace504582810", this, "Click to show all stack frames", "Click to hide stack frames")'>Click to show all stack frames</a>
<div class='stack-trace' id='stack-trace504582810'><pre>org.testng.TestNGException: 
Parameter &apos;browser&apos; is required by BeforeTest on method DriverUrlSetup but has not been marked @Optional or defined
in C:\javadocs\AmaronProject\amaronCrosstestng.xml
	at org.testng.internal.Parameters.createParams(Parameters.java:264)
	at org.testng.internal.Parameters.createParametersForMethod(Parameters.java:352)
	at org.testng.internal.Parameters.createParameters(Parameters.java:690)
	at org.testng.internal.Parameters.createConfigurationParameters(Parameters.java:163)
	at org.testng.internal.invokers.ConfigInvoker.invokeConfigurations(ConfigInvoker.java:313)
	at org.testng.TestRunner.invokeTestConfigurations(TestRunner.java:655)
	at org.testng.TestRunner.beforeRun(TestRunner.java:644)
	at org.testng.TestRunner.run(TestRunner.java:610)
	at org.testng.SuiteRunner.runTest(SuiteRunner.java:421)
	at org.testng.SuiteRunner.runSequentially(SuiteRunner.java:413)
	at org.testng.SuiteRunner.privateRun(SuiteRunner.java:373)
	at org.testng.SuiteRunner.run(SuiteRunner.java:312)
	at org.testng.SuiteRunnerWorker.runSuite(SuiteRunnerWorker.java:52)
	at org.testng.SuiteRunnerWorker.run(SuiteRunnerWorker.java:95)
	at org.testng.TestNG.runSuitesSequentially(TestNG.java:1274)
	at org.testng.TestNG.runSuitesLocally(TestNG.java:1208)
	at org.testng.TestNG.runSuites(TestNG.java:1112)
	at org.testng.TestNG.run(TestNG.java:1079)
	at org.testng.remote.AbstractRemoteTestNG.run(AbstractRemoteTestNG.java:115)
	at org.testng.remote.RemoteTestNG.initAndRun(RemoteTestNG.java:293)
	at org.testng.remote.RemoteTestNG.main(RemoteTestNG.java:91)
</pre></div></td>
<td>0</td>
<td>amarontests.AmaronTestRun@48bb62</td></tr>
<tr>
<td title='amarontests.AmaronTestRun.amaronTest7()'><b>amaronTest7</b><br>Test class: amarontests.AmaronTestRun</td>
<td><div><pre>org.testng.TestNGException: 
Parameter &apos;browser&apos; is required by BeforeTest on method DriverUrlSetup but has not been marked @Optional or defined
in C:\javadocs\AmaronProject\amaronCrosstestng.xml
... Removed 21 stack frames</pre></div><a href='#' onClick='toggleBox("stack-trace41489123", this, "Click to show all stack frames", "Click to hide stack frames")'>Click to show all stack frames</a>
<div class='stack-trace' id='stack-trace41489123'><pre>org.testng.TestNGException: 
Parameter &apos;browser&apos; is required by BeforeTest on method DriverUrlSetup but has not been marked @Optional or defined
in C:\javadocs\AmaronProject\amaronCrosstestng.xml
	at org.testng.internal.Parameters.createParams(Parameters.java:264)
	at org.testng.internal.Parameters.createParametersForMethod(Parameters.java:352)
	at org.testng.internal.Parameters.createParameters(Parameters.java:690)
	at org.testng.internal.Parameters.createConfigurationParameters(Parameters.java:163)
	at org.testng.internal.invokers.ConfigInvoker.invokeConfigurations(ConfigInvoker.java:313)
	at org.testng.TestRunner.invokeTestConfigurations(TestRunner.java:655)
	at org.testng.TestRunner.beforeRun(TestRunner.java:644)
	at org.testng.TestRunner.run(TestRunner.java:610)
	at org.testng.SuiteRunner.runTest(SuiteRunner.java:421)
	at org.testng.SuiteRunner.runSequentially(SuiteRunner.java:413)
	at org.testng.SuiteRunner.privateRun(SuiteRunner.java:373)
	at org.testng.SuiteRunner.run(SuiteRunner.java:312)
	at org.testng.SuiteRunnerWorker.runSuite(SuiteRunnerWorker.java:52)
	at org.testng.SuiteRunnerWorker.run(SuiteRunnerWorker.java:95)
	at org.testng.TestNG.runSuitesSequentially(TestNG.java:1274)
	at org.testng.TestNG.runSuitesLocally(TestNG.java:1208)
	at org.testng.TestNG.runSuites(TestNG.java:1112)
	at org.testng.TestNG.run(TestNG.java:1079)
	at org.testng.remote.AbstractRemoteTestNG.run(AbstractRemoteTestNG.java:115)
	at org.testng.remote.RemoteTestNG.initAndRun(RemoteTestNG.java:293)
	at org.testng.remote.RemoteTestNG.main(RemoteTestNG.java:91)
</pre></div></td>
<td>0</td>
<td>amarontests.AmaronTestRun@48bb62</td></tr>
<tr>
<td title='amarontests.AmaronTestRun.amaronTest2()'><b>amaronTest2</b><br>Test class: amarontests.AmaronTestRun</td>
<td><div><pre>org.testng.TestNGException: 
Parameter &apos;browser&apos; is required by BeforeTest on method DriverUrlSetup but has not been marked @Optional or defined
in C:\javadocs\AmaronProject\amaronCrosstestng.xml
... Removed 21 stack frames</pre></div><a href='#' onClick='toggleBox("stack-trace795242171", this, "Click to show all stack frames", "Click to hide stack frames")'>Click to show all stack frames</a>
<div class='stack-trace' id='stack-trace795242171'><pre>org.testng.TestNGException: 
Parameter &apos;browser&apos; is required by BeforeTest on method DriverUrlSetup but has not been marked @Optional or defined
in C:\javadocs\AmaronProject\amaronCrosstestng.xml
	at org.testng.internal.Parameters.createParams(Parameters.java:264)
	at org.testng.internal.Parameters.createParametersForMethod(Parameters.java:352)
	at org.testng.internal.Parameters.createParameters(Parameters.java:690)
	at org.testng.internal.Parameters.createConfigurationParameters(Parameters.java:163)
	at org.testng.internal.invokers.ConfigInvoker.invokeConfigurations(ConfigInvoker.java:313)
	at org.testng.TestRunner.invokeTestConfigurations(TestRunner.java:655)
	at org.testng.TestRunner.beforeRun(TestRunner.java:644)
	at org.testng.TestRunner.run(TestRunner.java:610)
	at org.testng.SuiteRunner.runTest(SuiteRunner.java:421)
	at org.testng.SuiteRunner.runSequentially(SuiteRunner.java:413)
	at org.testng.SuiteRunner.privateRun(SuiteRunner.java:373)
	at org.testng.SuiteRunner.run(SuiteRunner.java:312)
	at org.testng.SuiteRunnerWorker.runSuite(SuiteRunnerWorker.java:52)
	at org.testng.SuiteRunnerWorker.run(SuiteRunnerWorker.java:95)
	at org.testng.TestNG.runSuitesSequentially(TestNG.java:1274)
	at org.testng.TestNG.runSuitesLocally(TestNG.java:1208)
	at org.testng.TestNG.runSuites(TestNG.java:1112)
	at org.testng.TestNG.run(TestNG.java:1079)
	at org.testng.remote.AbstractRemoteTestNG.run(AbstractRemoteTestNG.java:115)
	at org.testng.remote.RemoteTestNG.initAndRun(RemoteTestNG.java:293)
	at org.testng.remote.RemoteTestNG.main(RemoteTestNG.java:91)
</pre></div></td>
<td>0</td>
<td>amarontests.AmaronTestRun@48bb62</td></tr>
<tr>
<td title='amarontests.AmaronTestRun.amaronTest6()'><b>amaronTest6</b><br>Test class: amarontests.AmaronTestRun</td>
<td><div><pre>org.testng.TestNGException: 
Parameter &apos;browser&apos; is required by BeforeTest on method DriverUrlSetup but has not been marked @Optional or defined
in C:\javadocs\AmaronProject\amaronCrosstestng.xml
... Removed 21 stack frames</pre></div><a href='#' onClick='toggleBox("stack-trace1457263953", this, "Click to show all stack frames", "Click to hide stack frames")'>Click to show all stack frames</a>
<div class='stack-trace' id='stack-trace1457263953'><pre>org.testng.TestNGException: 
Parameter &apos;browser&apos; is required by BeforeTest on method DriverUrlSetup but has not been marked @Optional or defined
in C:\javadocs\AmaronProject\amaronCrosstestng.xml
	at org.testng.internal.Parameters.createParams(Parameters.java:264)
	at org.testng.internal.Parameters.createParametersForMethod(Parameters.java:352)
	at org.testng.internal.Parameters.createParameters(Parameters.java:690)
	at org.testng.internal.Parameters.createConfigurationParameters(Parameters.java:163)
	at org.testng.internal.invokers.ConfigInvoker.invokeConfigurations(ConfigInvoker.java:313)
	at org.testng.TestRunner.invokeTestConfigurations(TestRunner.java:655)
	at org.testng.TestRunner.beforeRun(TestRunner.java:644)
	at org.testng.TestRunner.run(TestRunner.java:610)
	at org.testng.SuiteRunner.runTest(SuiteRunner.java:421)
	at org.testng.SuiteRunner.runSequentially(SuiteRunner.java:413)
	at org.testng.SuiteRunner.privateRun(SuiteRunner.java:373)
	at org.testng.SuiteRunner.run(SuiteRunner.java:312)
	at org.testng.SuiteRunnerWorker.runSuite(SuiteRunnerWorker.java:52)
	at org.testng.SuiteRunnerWorker.run(SuiteRunnerWorker.java:95)
	at org.testng.TestNG.runSuitesSequentially(TestNG.java:1274)
	at org.testng.TestNG.runSuitesLocally(TestNG.java:1208)
	at org.testng.TestNG.runSuites(TestNG.java:1112)
	at org.testng.TestNG.run(TestNG.java:1079)
	at org.testng.remote.AbstractRemoteTestNG.run(AbstractRemoteTestNG.java:115)
	at org.testng.remote.RemoteTestNG.initAndRun(RemoteTestNG.java:293)
	at org.testng.remote.RemoteTestNG.main(RemoteTestNG.java:91)
</pre></div></td>
<td>0</td>
<td>amarontests.AmaronTestRun@48bb62</td></tr>
<tr>
<td title='amarontests.AmaronTestRun.amaronTest3()'><b>amaronTest3</b><br>Test class: amarontests.AmaronTestRun</td>
<td><div><pre>org.testng.TestNGException: 
Parameter &apos;browser&apos; is required by BeforeTest on method DriverUrlSetup but has not been marked @Optional or defined
in C:\javadocs\AmaronProject\amaronCrosstestng.xml
... Removed 21 stack frames</pre></div><a href='#' onClick='toggleBox("stack-trace1261198850", this, "Click to show all stack frames", "Click to hide stack frames")'>Click to show all stack frames</a>
<div class='stack-trace' id='stack-trace1261198850'><pre>org.testng.TestNGException: 
Parameter &apos;browser&apos; is required by BeforeTest on method DriverUrlSetup but has not been marked @Optional or defined
in C:\javadocs\AmaronProject\amaronCrosstestng.xml
	at org.testng.internal.Parameters.createParams(Parameters.java:264)
	at org.testng.internal.Parameters.createParametersForMethod(Parameters.java:352)
	at org.testng.internal.Parameters.createParameters(Parameters.java:690)
	at org.testng.internal.Parameters.createConfigurationParameters(Parameters.java:163)
	at org.testng.internal.invokers.ConfigInvoker.invokeConfigurations(ConfigInvoker.java:313)
	at org.testng.TestRunner.invokeTestConfigurations(TestRunner.java:655)
	at org.testng.TestRunner.beforeRun(TestRunner.java:644)
	at org.testng.TestRunner.run(TestRunner.java:610)
	at org.testng.SuiteRunner.runTest(SuiteRunner.java:421)
	at org.testng.SuiteRunner.runSequentially(SuiteRunner.java:413)
	at org.testng.SuiteRunner.privateRun(SuiteRunner.java:373)
	at org.testng.SuiteRunner.run(SuiteRunner.java:312)
	at org.testng.SuiteRunnerWorker.runSuite(SuiteRunnerWorker.java:52)
	at org.testng.SuiteRunnerWorker.run(SuiteRunnerWorker.java:95)
	at org.testng.TestNG.runSuitesSequentially(TestNG.java:1274)
	at org.testng.TestNG.runSuitesLocally(TestNG.java:1208)
	at org.testng.TestNG.runSuites(TestNG.java:1112)
	at org.testng.TestNG.run(TestNG.java:1079)
	at org.testng.remote.AbstractRemoteTestNG.run(AbstractRemoteTestNG.java:115)
	at org.testng.remote.RemoteTestNG.initAndRun(RemoteTestNG.java:293)
	at org.testng.remote.RemoteTestNG.main(RemoteTestNG.java:91)
</pre></div></td>
<td>0</td>
<td>amarontests.AmaronTestRun@48bb62</td></tr>
<tr>
<td title='amarontests.AmaronTestRun.amaronTest8()'><b>amaronTest8</b><br>Test class: amarontests.AmaronTestRun</td>
<td><div><pre>org.testng.TestNGException: 
Parameter &apos;browser&apos; is required by BeforeTest on method DriverUrlSetup but has not been marked @Optional or defined
in C:\javadocs\AmaronProject\amaronCrosstestng.xml
... Removed 21 stack frames</pre></div><a href='#' onClick='toggleBox("stack-trace26970580", this, "Click to show all stack frames", "Click to hide stack frames")'>Click to show all stack frames</a>
<div class='stack-trace' id='stack-trace26970580'><pre>org.testng.TestNGException: 
Parameter &apos;browser&apos; is required by BeforeTest on method DriverUrlSetup but has not been marked @Optional or defined
in C:\javadocs\AmaronProject\amaronCrosstestng.xml
	at org.testng.internal.Parameters.createParams(Parameters.java:264)
	at org.testng.internal.Parameters.createParametersForMethod(Parameters.java:352)
	at org.testng.internal.Parameters.createParameters(Parameters.java:690)
	at org.testng.internal.Parameters.createConfigurationParameters(Parameters.java:163)
	at org.testng.internal.invokers.ConfigInvoker.invokeConfigurations(ConfigInvoker.java:313)
	at org.testng.TestRunner.invokeTestConfigurations(TestRunner.java:655)
	at org.testng.TestRunner.beforeRun(TestRunner.java:644)
	at org.testng.TestRunner.run(TestRunner.java:610)
	at org.testng.SuiteRunner.runTest(SuiteRunner.java:421)
	at org.testng.SuiteRunner.runSequentially(SuiteRunner.java:413)
	at org.testng.SuiteRunner.privateRun(SuiteRunner.java:373)
	at org.testng.SuiteRunner.run(SuiteRunner.java:312)
	at org.testng.SuiteRunnerWorker.runSuite(SuiteRunnerWorker.java:52)
	at org.testng.SuiteRunnerWorker.run(SuiteRunnerWorker.java:95)
	at org.testng.TestNG.runSuitesSequentially(TestNG.java:1274)
	at org.testng.TestNG.runSuitesLocally(TestNG.java:1208)
	at org.testng.TestNG.runSuites(TestNG.java:1112)
	at org.testng.TestNG.run(TestNG.java:1079)
	at org.testng.remote.AbstractRemoteTestNG.run(AbstractRemoteTestNG.java:115)
	at org.testng.remote.RemoteTestNG.initAndRun(RemoteTestNG.java:293)
	at org.testng.remote.RemoteTestNG.main(RemoteTestNG.java:91)
</pre></div></td>
<td>0</td>
<td>amarontests.AmaronTestRun@48bb62</td></tr>
</table><p>
</body>
</html>